2017-10-19 00:53:36.556+0000 WARN [o.n.i.p.PageCache] The dbms.memory.pagecache.size setting has not been configured. It is recommended that this setting is always explicitly configured, to ensure the system has a balanced configuration. Until then, a computed heuristic value of 3340500992 bytes will be used instead. 
2017-10-19 00:53:37.285+0000 INFO [o.n.k.i.f.CommunityEditionModule] No locking implementation specified, defaulting to 'community'
2017-10-19 00:53:37.542+0000 INFO [o.n.k.AvailabilityGuard] Requirement makes database unavailable: Database available
2017-10-19 00:53:37.578+0000 INFO [o.n.k.i.DiagnosticsManager] --- INITIALIZED diagnostics START ---
2017-10-19 00:53:37.579+0000 INFO [o.n.k.i.DiagnosticsManager] Neo4j Kernel properties:
2017-10-19 00:53:37.579+0000 INFO [o.n.k.i.DiagnosticsManager] dbms.connector.http.enabled=true
2017-10-19 00:53:37.579+0000 INFO [o.n.k.i.DiagnosticsManager] dbms.security.auth_enabled=true
2017-10-19 00:53:37.579+0000 INFO [o.n.k.i.DiagnosticsManager] dbms.connector.bolt.type=BOLT
2017-10-19 00:53:37.580+0000 INFO [o.n.k.i.DiagnosticsManager] unsupported.dbms.directories.neo4j_home=/Users/justinsmith/hypergraph
2017-10-19 00:53:37.580+0000 INFO [o.n.k.i.DiagnosticsManager] dbms.directories.import=import
2017-10-19 00:53:37.580+0000 INFO [o.n.k.i.DiagnosticsManager] dbms.connector.https.enabled=true
2017-10-19 00:53:37.580+0000 INFO [o.n.k.i.DiagnosticsManager] dbms.connector.http.type=HTTP
2017-10-19 00:53:37.580+0000 INFO [o.n.k.i.DiagnosticsManager] unsupported.dbms.directories.database=/Users/justinsmith/hypergraph
2017-10-19 00:53:37.580+0000 INFO [o.n.k.i.DiagnosticsManager] dbms.logs.http.enabled=false
2017-10-19 00:53:37.580+0000 INFO [o.n.k.i.DiagnosticsManager] dbms.connector.https.type=HTTP
2017-10-19 00:53:37.580+0000 INFO [o.n.k.i.DiagnosticsManager] unsupported.dbms.edition=community
2017-10-19 00:53:37.580+0000 INFO [o.n.k.i.DiagnosticsManager] dbms.connector.bolt.enabled=true
2017-10-19 00:53:37.580+0000 INFO [o.n.k.i.DiagnosticsManager] Diagnostics providers:
2017-10-19 00:53:37.580+0000 INFO [o.n.k.i.DiagnosticsManager] org.neo4j.kernel.configuration.Config
2017-10-19 00:53:37.581+0000 INFO [o.n.k.i.DiagnosticsManager] org.neo4j.kernel.info.DiagnosticsManager
2017-10-19 00:53:37.581+0000 INFO [o.n.k.i.DiagnosticsManager] SYSTEM_MEMORY
2017-10-19 00:53:37.581+0000 INFO [o.n.k.i.DiagnosticsManager] JAVA_MEMORY
2017-10-19 00:53:37.581+0000 INFO [o.n.k.i.DiagnosticsManager] OPERATING_SYSTEM
2017-10-19 00:53:37.581+0000 INFO [o.n.k.i.DiagnosticsManager] JAVA_VIRTUAL_MACHINE
2017-10-19 00:53:37.581+0000 INFO [o.n.k.i.DiagnosticsManager] CLASSPATH
2017-10-19 00:53:37.581+0000 INFO [o.n.k.i.DiagnosticsManager] LIBRARY_PATH
2017-10-19 00:53:37.581+0000 INFO [o.n.k.i.DiagnosticsManager] SYSTEM_PROPERTIES
2017-10-19 00:53:37.581+0000 INFO [o.n.k.i.DiagnosticsManager] NETWORK
2017-10-19 00:53:37.581+0000 INFO [o.n.k.i.DiagnosticsManager] System memory information:
2017-10-19 00:53:37.584+0000 INFO [o.n.k.i.DiagnosticsManager] Total Physical memory: 8.00 GB
2017-10-19 00:53:37.585+0000 INFO [o.n.k.i.DiagnosticsManager] Free Physical memory: 243.41 MB
2017-10-19 00:53:37.585+0000 INFO [o.n.k.i.DiagnosticsManager] Committed virtual memory: 7.70 GB
2017-10-19 00:53:37.586+0000 INFO [o.n.k.i.DiagnosticsManager] Total swap space: 4.00 GB
2017-10-19 00:53:37.587+0000 INFO [o.n.k.i.DiagnosticsManager] Free swap space: 952.25 MB
2017-10-19 00:53:37.587+0000 INFO [o.n.k.i.DiagnosticsManager] JVM memory information:
2017-10-19 00:53:37.587+0000 INFO [o.n.k.i.DiagnosticsManager] Free  memory: 87.59 MB
2017-10-19 00:53:37.587+0000 INFO [o.n.k.i.DiagnosticsManager] Total memory: 134.00 MB
2017-10-19 00:53:37.587+0000 INFO [o.n.k.i.DiagnosticsManager] Max   memory: 1.78 GB
2017-10-19 00:53:37.589+0000 INFO [o.n.k.i.DiagnosticsManager] Garbage Collector: PS Scavenge: [PS Eden Space, PS Survivor Space]
2017-10-19 00:53:37.590+0000 INFO [o.n.k.i.DiagnosticsManager] Garbage Collector: PS MarkSweep: [PS Eden Space, PS Survivor Space, PS Old Gen]
2017-10-19 00:53:37.591+0000 INFO [o.n.k.i.DiagnosticsManager] Memory Pool: Code Cache (Non-heap memory): committed=8.00 MB, used=7.96 MB, max=240.00 MB, threshold=0.00 B
2017-10-19 00:53:37.591+0000 INFO [o.n.k.i.DiagnosticsManager] Memory Pool: Metaspace (Non-heap memory): committed=23.42 MB, used=22.36 MB, max=-1.00 B, threshold=0.00 B
2017-10-19 00:53:37.591+0000 INFO [o.n.k.i.DiagnosticsManager] Memory Pool: Compressed Class Space (Non-heap memory): committed=3.17 MB, used=2.97 MB, max=1.00 GB, threshold=0.00 B
2017-10-19 00:53:37.591+0000 INFO [o.n.k.i.DiagnosticsManager] Memory Pool: PS Eden Space (Heap memory): committed=32.50 MB, used=11.92 MB, max=672.50 MB, threshold=?
2017-10-19 00:53:37.592+0000 INFO [o.n.k.i.DiagnosticsManager] Memory Pool: PS Survivor Space (Heap memory): committed=5.00 MB, used=0.00 B, max=5.00 MB, threshold=?
2017-10-19 00:53:37.592+0000 INFO [o.n.k.i.DiagnosticsManager] Memory Pool: PS Old Gen (Heap memory): committed=96.50 MB, used=34.95 MB, max=1.33 GB, threshold=0.00 B
2017-10-19 00:53:37.592+0000 INFO [o.n.k.i.DiagnosticsManager] Operating system information:
2017-10-19 00:53:37.594+0000 INFO [o.n.k.i.DiagnosticsManager] Operating System: Mac OS X; version: 10.12.6; arch: x86_64; cpus: 4
2017-10-19 00:53:37.595+0000 INFO [o.n.k.i.DiagnosticsManager] Max number of file descriptors: 10240
2017-10-19 00:53:37.596+0000 INFO [o.n.k.i.DiagnosticsManager] Number of open file descriptors: 41
2017-10-19 00:53:42.614+0000 INFO [o.n.k.i.DiagnosticsManager] Process id: 53964@Justins-MacBook-Pro.local
2017-10-19 00:53:42.614+0000 INFO [o.n.k.i.DiagnosticsManager] Byte order: LITTLE_ENDIAN
2017-10-19 00:53:42.615+0000 INFO [o.n.k.i.DiagnosticsManager] Local timezone: America/Los_Angeles
2017-10-19 00:53:42.615+0000 INFO [o.n.k.i.DiagnosticsManager] JVM information:
2017-10-19 00:53:42.615+0000 INFO [o.n.k.i.DiagnosticsManager] VM Name: Java HotSpot(TM) 64-Bit Server VM
2017-10-19 00:53:42.615+0000 INFO [o.n.k.i.DiagnosticsManager] VM Vendor: Oracle Corporation
2017-10-19 00:53:42.615+0000 INFO [o.n.k.i.DiagnosticsManager] VM Version: 25.60-b23
2017-10-19 00:53:42.615+0000 INFO [o.n.k.i.DiagnosticsManager] JIT compiler: HotSpot 64-Bit Tiered Compilers
2017-10-19 00:53:42.616+0000 INFO [o.n.k.i.DiagnosticsManager] VM Arguments: [-Dfile.encoding=UTF-8, -Dinstall4j.launcherId=24, -Dinstall4j.swt=false, -Dexe4j.moduleName=/Applications/Neo4j Community Edition 3.2.6.app, -Di4j.ownBundlePath=/Applications/Neo4j Community Edition 3.2.6.app, -Di4j.jreBundle=/Applications/Neo4j Community Edition 3.2.6.app/Contents/Resources/jre.bundle]
2017-10-19 00:53:42.616+0000 INFO [o.n.k.i.DiagnosticsManager] Java classpath:
2017-10-19 00:53:42.617+0000 INFO [o.n.k.i.DiagnosticsManager]  [bootstrap] /Applications/Neo4j Community Edition 3.2.6.app/Contents/Resources/jre.bundle/Contents/Home/jre/lib/jfr.jar
2017-10-19 00:53:42.617+0000 INFO [o.n.k.i.DiagnosticsManager]  [bootstrap] /Applications/Neo4j Community Edition 3.2.6.app/Contents/Resources/jre.bundle/Contents/Home/jre/lib/charsets.jar
2017-10-19 00:53:42.617+0000 INFO [o.n.k.i.DiagnosticsManager]  [bootstrap] /Applications/Neo4j Community Edition 3.2.6.app/Contents/Resources/jre.bundle/Contents/Home/jre/lib/jsse.jar
2017-10-19 00:53:42.617+0000 INFO [o.n.k.i.DiagnosticsManager]  [loader.1] file:/Applications/Neo4j%20Community%20Edition%203.2.6.app/Contents/Resources/jre.bundle/Contents/Home/jre/lib/ext/jaccess.jar
2017-10-19 00:53:42.617+0000 INFO [o.n.k.i.DiagnosticsManager]  [loader.1] file:/Applications/Neo4j%20Community%20Edition%203.2.6.app/Contents/Resources/jre.bundle/Contents/Home/jre/lib/ext/sunec.jar
2017-10-19 00:53:42.617+0000 INFO [o.n.k.i.DiagnosticsManager]  [loader.1] file:/Applications/Neo4j%20Community%20Edition%203.2.6.app/Contents/Resources/jre.bundle/Contents/Home/jre/lib/ext/sunjce_provider.jar
2017-10-19 00:53:42.617+0000 INFO [o.n.k.i.DiagnosticsManager]  [loader.1] file:/Applications/Neo4j%20Community%20Edition%203.2.6.app/Contents/Resources/jre.bundle/Contents/Home/jre/lib/ext/nashorn.jar
2017-10-19 00:53:42.617+0000 INFO [o.n.k.i.DiagnosticsManager]  [loader.1] file:/Applications/Neo4j%20Community%20Edition%203.2.6.app/Contents/Resources/jre.bundle/Contents/Home/jre/lib/ext/sunpkcs11.jar
2017-10-19 00:53:42.617+0000 INFO [o.n.k.i.DiagnosticsManager]  [bootstrap] /Applications/Neo4j Community Edition 3.2.6.app/Contents/Resources/jre.bundle/Contents/Home/jre/lib/sunrsasign.jar
2017-10-19 00:53:42.617+0000 INFO [o.n.k.i.DiagnosticsManager]  [loader.1] file:/Applications/Neo4j%20Community%20Edition%203.2.6.app/Contents/Resources/jre.bundle/Contents/Home/jre/lib/ext/localedata.jar
2017-10-19 00:53:42.617+0000 INFO [o.n.k.i.DiagnosticsManager]  [bootstrap] /Applications/Neo4j Community Edition 3.2.6.app/Contents/Resources/jre.bundle/Contents/Home/jre/lib/rt.jar
2017-10-19 00:53:42.618+0000 INFO [o.n.k.i.DiagnosticsManager]  [classpath] /Applications/Neo4j Community Edition 3.2.6.app/Contents/Resources/app/.install4j/i4jruntime.jar
2017-10-19 00:53:42.618+0000 INFO [o.n.k.i.DiagnosticsManager]  [classpath] /Applications/Neo4j Community Edition 3.2.6.app/Contents/Resources/app/bin/neo4j-desktop-3.2.6.jar
2017-10-19 00:53:42.618+0000 INFO [o.n.k.i.DiagnosticsManager]  [bootstrap] /Applications/Neo4j Community Edition 3.2.6.app/Contents/Resources/jre.bundle/Contents/Home/jre/lib/jce.jar
2017-10-19 00:53:42.618+0000 INFO [o.n.k.i.DiagnosticsManager]  [bootstrap] /Applications/Neo4j Community Edition 3.2.6.app/Contents/Resources/jre.bundle/Contents/Home/jre/classes
2017-10-19 00:53:42.618+0000 INFO [o.n.k.i.DiagnosticsManager]  [bootstrap] /Applications/Neo4j Community Edition 3.2.6.app/Contents/Resources/jre.bundle/Contents/Home/jre/lib/resources.jar
2017-10-19 00:53:42.618+0000 INFO [o.n.k.i.DiagnosticsManager]  [loader.1] file:/Applications/Neo4j%20Community%20Edition%203.2.6.app/Contents/Resources/jre.bundle/Contents/Home/jre/lib/ext/jfxrt.jar
2017-10-19 00:53:42.618+0000 INFO [o.n.k.i.DiagnosticsManager]  [loader.1] file:/Applications/Neo4j%20Community%20Edition%203.2.6.app/Contents/Resources/jre.bundle/Contents/Home/jre/lib/ext/zipfs.jar
2017-10-19 00:53:42.618+0000 INFO [o.n.k.i.DiagnosticsManager]  [loader.1] file:/Applications/Neo4j%20Community%20Edition%203.2.6.app/Contents/Resources/jre.bundle/Contents/Home/jre/lib/ext/cldrdata.jar
2017-10-19 00:53:42.618+0000 INFO [o.n.k.i.DiagnosticsManager]  [loader.1] file:/System/Library/Java/Extensions/MRJToolkit.jar
2017-10-19 00:53:42.618+0000 INFO [o.n.k.i.DiagnosticsManager]  [loader.0] file:/Applications/Neo4j%20Community%20Edition%203.2.6.app/Contents/Resources/app/.install4j/i4jruntime.jar
2017-10-19 00:53:42.618+0000 INFO [o.n.k.i.DiagnosticsManager]  [loader.1] file:/Applications/Neo4j%20Community%20Edition%203.2.6.app/Contents/Resources/jre.bundle/Contents/Home/jre/lib/ext/dnsns.jar
2017-10-19 00:53:42.618+0000 INFO [o.n.k.i.DiagnosticsManager]  [loader.0] file:/Applications/Neo4j%20Community%20Edition%203.2.6.app/Contents/Resources/app/bin/neo4j-desktop-3.2.6.jar
2017-10-19 00:53:42.618+0000 INFO [o.n.k.i.DiagnosticsManager] Library path:
2017-10-19 00:53:42.618+0000 INFO [o.n.k.i.DiagnosticsManager] /Users/justinsmith/Library/Java/Extensions
2017-10-19 00:53:42.618+0000 INFO [o.n.k.i.DiagnosticsManager] /Library/Java/Extensions
2017-10-19 00:53:42.618+0000 INFO [o.n.k.i.DiagnosticsManager] /Network/Library/Java/Extensions
2017-10-19 00:53:42.618+0000 INFO [o.n.k.i.DiagnosticsManager] /System/Library/Java/Extensions
2017-10-19 00:53:42.618+0000 INFO [o.n.k.i.DiagnosticsManager] /usr/lib/java
2017-10-19 00:53:42.618+0000 INFO [o.n.k.i.DiagnosticsManager] /Applications/Neo4j Community Edition 3.2.6.app/Contents/Resources/app/bin
2017-10-19 00:53:42.618+0000 INFO [o.n.k.i.DiagnosticsManager] System.properties:
2017-10-19 00:53:42.618+0000 INFO [o.n.k.i.DiagnosticsManager] exe4j.moduleName = /Applications/Neo4j Community Edition 3.2.6.app
2017-10-19 00:53:42.618+0000 INFO [o.n.k.i.DiagnosticsManager] sun.boot.library.path = /Applications/Neo4j Community Edition 3.2.6.app/Contents/Resources/jre.bundle/Contents/Home/jre/lib
2017-10-19 00:53:42.618+0000 INFO [o.n.k.i.DiagnosticsManager] i4j.jreBundle = /Applications/Neo4j Community Edition 3.2.6.app/Contents/Resources/jre.bundle
2017-10-19 00:53:42.618+0000 INFO [o.n.k.i.DiagnosticsManager] gopherProxySet = false
2017-10-19 00:53:42.618+0000 INFO [o.n.k.i.DiagnosticsManager] path.separator = :
2017-10-19 00:53:42.618+0000 INFO [o.n.k.i.DiagnosticsManager] file.encoding.pkg = sun.io
2017-10-19 00:53:42.619+0000 INFO [o.n.k.i.DiagnosticsManager] user.country = US
2017-10-19 00:53:42.619+0000 INFO [o.n.k.i.DiagnosticsManager] sun.java.launcher = SUN_STANDARD
2017-10-19 00:53:42.619+0000 INFO [o.n.k.i.DiagnosticsManager] sun.os.patch.level = unknown
2017-10-19 00:53:42.619+0000 INFO [o.n.k.i.DiagnosticsManager] install4j.exeDir = /Applications/
2017-10-19 00:53:42.619+0000 INFO [o.n.k.i.DiagnosticsManager] user.dir = /Applications/Neo4j Community Edition 3.2.6.app/Contents/Resources/app/bin
2017-10-19 00:53:42.619+0000 INFO [o.n.k.i.DiagnosticsManager] i4j.ownBundlePath = /Applications/Neo4j Community Edition 3.2.6.app
2017-10-19 00:53:42.619+0000 INFO [o.n.k.i.DiagnosticsManager] sun.jnu.encoding = UTF-8
2017-10-19 00:53:42.619+0000 INFO [o.n.k.i.DiagnosticsManager] unsupported.dbms.udc.source = desktop
2017-10-19 00:53:42.619+0000 INFO [o.n.k.i.DiagnosticsManager] sun.awt.enableExtraMouseButtons = true
2017-10-19 00:53:42.619+0000 INFO [o.n.k.i.DiagnosticsManager] install4j.launcherId = 24
2017-10-19 00:53:42.619+0000 INFO [o.n.k.i.DiagnosticsManager] sun.management.compiler = HotSpot 64-Bit Tiered Compilers
2017-10-19 00:53:42.619+0000 INFO [o.n.k.i.DiagnosticsManager] install4j.swt = false
2017-10-19 00:53:42.619+0000 INFO [o.n.k.i.DiagnosticsManager] apple.awt.fileDialogForDirectories = true
2017-10-19 00:53:42.619+0000 INFO [o.n.k.i.DiagnosticsManager] http.nonProxyHosts = local|*.local|169.254/16|*.169.254/16
2017-10-19 00:53:42.619+0000 INFO [o.n.k.i.DiagnosticsManager] user.home = /Users/justinsmith
2017-10-19 00:53:42.619+0000 INFO [o.n.k.i.DiagnosticsManager] user.timezone = America/Los_Angeles
2017-10-19 00:53:42.619+0000 INFO [o.n.k.i.DiagnosticsManager] file.encoding = UTF-8
2017-10-19 00:53:42.619+0000 INFO [o.n.k.i.DiagnosticsManager] user.name = justinsmith
2017-10-19 00:53:42.619+0000 INFO [o.n.k.i.DiagnosticsManager] sun.java.command = com.install4j.runtime.launcher.MacLauncher
2017-10-19 00:53:42.619+0000 INFO [o.n.k.i.DiagnosticsManager] sun.arch.data.model = 64
2017-10-19 00:53:42.619+0000 INFO [o.n.k.i.DiagnosticsManager] user.language = en
2017-10-19 00:53:42.619+0000 INFO [o.n.k.i.DiagnosticsManager] awt.toolkit = sun.lwawt.macosx.LWCToolkit
2017-10-19 00:53:42.619+0000 INFO [o.n.k.i.DiagnosticsManager] install4j.appDir = /Applications/Neo4j Community Edition 3.2.6.app/Contents/Resources/app/
2017-10-19 00:53:42.619+0000 INFO [o.n.k.i.DiagnosticsManager] file.separator = /
2017-10-19 00:53:42.619+0000 INFO [o.n.k.i.DiagnosticsManager] sun.font.fontmanager = sun.font.CFontManager
2017-10-19 00:53:42.619+0000 INFO [o.n.k.i.DiagnosticsManager] sun.io.unicode.encoding = UnicodeBig
2017-10-19 00:53:42.619+0000 INFO [o.n.k.i.DiagnosticsManager] sun.cpu.endian = little
2017-10-19 00:53:42.619+0000 INFO [o.n.k.i.DiagnosticsManager] socksNonProxyHosts = local|*.local|169.254/16|*.169.254/16
2017-10-19 00:53:42.619+0000 INFO [o.n.k.i.DiagnosticsManager] ftp.nonProxyHosts = local|*.local|169.254/16|*.169.254/16
2017-10-19 00:53:42.619+0000 INFO [o.n.k.i.DiagnosticsManager] sun.cpu.isalist = 
2017-10-19 00:53:42.619+0000 INFO [o.n.k.i.DiagnosticsManager] Network information:
2017-10-19 00:53:42.629+0000 INFO [o.n.k.i.DiagnosticsManager] Interface en5:
2017-10-19 00:53:42.629+0000 INFO [o.n.k.i.DiagnosticsManager]     address: fe80:0:0:0:aede:48ff:fe00:1122%en5
2017-10-19 00:53:42.629+0000 INFO [o.n.k.i.DiagnosticsManager] Interface utun0:
2017-10-19 00:53:42.629+0000 INFO [o.n.k.i.DiagnosticsManager]     address: fe80:0:0:0:a5e0:2f84:16ae:dcb1%utun0
2017-10-19 00:53:42.629+0000 INFO [o.n.k.i.DiagnosticsManager] Interface awdl0:
2017-10-19 00:53:42.629+0000 INFO [o.n.k.i.DiagnosticsManager]     address: fe80:0:0:0:a43c:26ff:fec5:2dd9%awdl0
2017-10-19 00:53:42.629+0000 INFO [o.n.k.i.DiagnosticsManager] Interface en0:
2017-10-19 00:53:42.629+0000 INFO [o.n.k.i.DiagnosticsManager]     address: 2601:603:4d00:3ca0:f60f:24ff:fe25:3a23
2017-10-19 00:53:42.629+0000 INFO [o.n.k.i.DiagnosticsManager]     address: 2601:603:4d00:3ca0:a0e3:93e9:d504:847a
2017-10-19 00:53:42.630+0000 INFO [o.n.k.i.DiagnosticsManager]     address: 2601:603:4d00:3ca0:183a:237a:d657:5798
2017-10-19 00:53:42.630+0000 INFO [o.n.k.i.DiagnosticsManager]     address: fe80:0:0:0:47a:d2eb:1d75:cf1c%en0
2017-10-19 00:53:42.630+0000 INFO [o.n.k.i.DiagnosticsManager]     address: 10.0.0.13
2017-10-19 00:53:42.630+0000 INFO [o.n.k.i.DiagnosticsManager] Interface lo0:
2017-10-19 00:53:42.630+0000 INFO [o.n.k.i.DiagnosticsManager]     address: fe80:0:0:0:0:0:0:1%lo0
2017-10-19 00:53:42.630+0000 INFO [o.n.k.i.DiagnosticsManager]     address: 0:0:0:0:0:0:0:1
2017-10-19 00:53:42.630+0000 INFO [o.n.k.i.DiagnosticsManager]     address: 127.0.0.1
2017-10-19 00:53:42.630+0000 INFO [o.n.k.i.DiagnosticsManager] --- INITIALIZED diagnostics END ---
2017-10-19 00:53:49.055+0000 INFO [o.n.b.v.r.WorkerFactory] Bolt Server extension loaded.
2017-10-19 00:53:49.057+0000 INFO [o.n.b.v.r.WorkerFactory] Bolt enabled on 127.0.0.1:7687.
2017-10-19 00:53:49.149+0000 INFO [o.n.k.i.s.f.RecordFormatSelector] Selected format 'RecordFormat:StandardV3_2[v0.A.8]' for the new store
2017-10-19 00:53:49.463+0000 INFO [o.n.k.i.a.i.IndexingService] IndexingService.init: indexes not specifically mentioned above are null
2017-10-19 00:53:49.463+0000 INFO [o.n.k.i.i.l.NativeLabelScanStore] No scan store found, this might just be first use. Preparing to rebuild.
2017-10-19 00:53:49.498+0000 INFO [o.n.k.NeoStoreDataSource] Opened logical log [/Users/justinsmith/hypergraph/neostore.transaction.db.0] version=0, lastTxId=1 (clean)
2017-10-19 00:53:49.503+0000 INFO [o.n.k.NeoStoreDataSource] No commits found after last check point (which is at <no log position given>)
2017-10-19 00:53:49.507+0000 WARN [o.n.k.i.s.MetaDataStore] Missing counts store, rebuilding it.
2017-10-19 00:53:49.637+0000 WARN [o.n.k.i.s.MetaDataStore] Counts store rebuild completed.
2017-10-19 00:53:49.648+0000 INFO [o.n.k.i.a.i.IndexingService] IndexingService.start: indexes not specifically mentioned above are null
2017-10-19 00:53:49.649+0000 INFO [o.n.k.i.i.l.NativeLabelScanStore] Rebuilding scan store, this may take a while
2017-10-19 00:53:49.657+0000 INFO [o.n.k.i.i.l.NativeLabelScanStore] Scan store rebuilt (roughly 0 nodes)
2017-10-19 00:53:49.661+0000 INFO [o.n.k.i.DatabaseHealth] Database health set to OK
2017-10-19 00:53:55.391+0000 INFO [o.n.k.AvailabilityGuard] Fulfilling of requirement makes database available: Database available
2017-10-19 00:53:55.392+0000 INFO [o.n.k.i.f.GraphDatabaseFacadeFactory] Database is now ready
2017-10-19 00:53:55.393+0000 INFO [o.n.k.i.DiagnosticsManager] --- STARTED diagnostics for KernelDiagnostics:Versions START ---
2017-10-19 00:53:55.393+0000 INFO [o.n.k.i.DiagnosticsManager] Graph Database: community single StoreId{creationTime=1508374429348, randomId=7033239358223289376, storeVersion=15813456178476550, upgradeTime=1508374429348, upgradeId=1}
2017-10-19 00:53:55.393+0000 INFO [o.n.k.i.DiagnosticsManager] Kernel version: 3.2.6
2017-10-19 00:53:55.393+0000 INFO [o.n.k.i.DiagnosticsManager] --- STARTED diagnostics for KernelDiagnostics:Versions END ---
2017-10-19 00:53:55.395+0000 INFO [o.n.k.i.DiagnosticsManager] --- STARTED diagnostics for NEO_STORE_VERSIONS START ---
2017-10-19 00:53:55.395+0000 INFO [o.n.k.i.DiagnosticsManager] Store versions:
2017-10-19 00:53:55.395+0000 INFO [o.n.k.i.DiagnosticsManager] Store versions:
2017-10-19 00:53:55.395+0000 INFO [o.n.k.i.DiagnosticsManager]   ArrayPropertyStore v0.A.8
2017-10-19 00:53:55.395+0000 INFO [o.n.k.i.DiagnosticsManager]   NodeStore v0.A.8
2017-10-19 00:53:55.395+0000 INFO [o.n.k.i.DiagnosticsManager]   StringPropertyStore v0.A.8
2017-10-19 00:53:55.395+0000 INFO [o.n.k.i.DiagnosticsManager]   PropertyIndexStore v0.A.8
2017-10-19 00:53:55.395+0000 INFO [o.n.k.i.DiagnosticsManager]   StringPropertyStore v0.A.8
2017-10-19 00:53:55.395+0000 INFO [o.n.k.i.DiagnosticsManager]   ArrayPropertyStore v0.A.8
2017-10-19 00:53:55.396+0000 INFO [o.n.k.i.DiagnosticsManager]   PropertyStore v0.A.8
2017-10-19 00:53:55.396+0000 INFO [o.n.k.i.DiagnosticsManager]   RelationshipStore v0.A.8
2017-10-19 00:53:55.396+0000 INFO [o.n.k.i.DiagnosticsManager]   StringPropertyStore v0.A.8
2017-10-19 00:53:55.396+0000 INFO [o.n.k.i.DiagnosticsManager]   RelationshipTypeStore v0.A.8
2017-10-19 00:53:55.396+0000 INFO [o.n.k.i.DiagnosticsManager]   StringPropertyStore v0.A.8
2017-10-19 00:53:55.396+0000 INFO [o.n.k.i.DiagnosticsManager]   LabelTokenStore v0.A.8
2017-10-19 00:53:55.396+0000 INFO [o.n.k.i.DiagnosticsManager]   SchemaStore v0.A.8
2017-10-19 00:53:55.396+0000 INFO [o.n.k.i.DiagnosticsManager]   RelationshipGroupStore v0.A.8
2017-10-19 00:53:55.396+0000 INFO [o.n.k.i.DiagnosticsManager]   NeoStore v0.A.8
2017-10-19 00:53:55.396+0000 INFO [o.n.k.i.DiagnosticsManager] --- STARTED diagnostics for NEO_STORE_VERSIONS END ---
2017-10-19 00:53:55.396+0000 INFO [o.n.k.i.DiagnosticsManager] --- STARTED diagnostics for NEO_STORE_ID_USAGE START ---
2017-10-19 00:53:55.396+0000 INFO [o.n.k.i.DiagnosticsManager] Id usage:
2017-10-19 00:53:55.396+0000 INFO [o.n.k.i.DiagnosticsManager] Id usage:
2017-10-19 00:53:55.397+0000 INFO [o.n.k.i.DiagnosticsManager]   ArrayPropertyStore: used=1 high=0
2017-10-19 00:53:55.397+0000 INFO [o.n.k.i.DiagnosticsManager]   NodeStore: used=0 high=-1
2017-10-19 00:53:55.397+0000 INFO [o.n.k.i.DiagnosticsManager]   StringPropertyStore: used=1 high=0
2017-10-19 00:53:55.397+0000 INFO [o.n.k.i.DiagnosticsManager]   PropertyIndexStore: used=0 high=-1
2017-10-19 00:53:55.397+0000 INFO [o.n.k.i.DiagnosticsManager]   StringPropertyStore: used=1 high=0
2017-10-19 00:53:55.397+0000 INFO [o.n.k.i.DiagnosticsManager]   ArrayPropertyStore: used=1 high=0
2017-10-19 00:53:55.397+0000 INFO [o.n.k.i.DiagnosticsManager]   PropertyStore: used=0 high=-1
2017-10-19 00:53:55.397+0000 INFO [o.n.k.i.DiagnosticsManager]   RelationshipStore: used=0 high=-1
2017-10-19 00:53:55.398+0000 INFO [o.n.k.i.DiagnosticsManager]   StringPropertyStore: used=1 high=0
2017-10-19 00:53:55.398+0000 INFO [o.n.k.i.DiagnosticsManager]   RelationshipTypeStore: used=0 high=-1
2017-10-19 00:53:55.398+0000 INFO [o.n.k.i.DiagnosticsManager]   StringPropertyStore: used=1 high=0
2017-10-19 00:53:55.398+0000 INFO [o.n.k.i.DiagnosticsManager]   LabelTokenStore: used=0 high=-1
2017-10-19 00:53:55.398+0000 INFO [o.n.k.i.DiagnosticsManager]   SchemaStore: used=1 high=0
2017-10-19 00:53:55.398+0000 INFO [o.n.k.i.DiagnosticsManager]   RelationshipGroupStore: used=1 high=0
2017-10-19 00:53:55.398+0000 INFO [o.n.k.i.DiagnosticsManager]   NeoStore: used=0 high=-1
2017-10-19 00:53:55.398+0000 INFO [o.n.k.i.DiagnosticsManager] --- STARTED diagnostics for NEO_STORE_ID_USAGE END ---
2017-10-19 00:53:55.398+0000 INFO [o.n.k.i.DiagnosticsManager] --- STARTED diagnostics for NEO_STORE_RECORDS START ---
2017-10-19 00:53:55.399+0000 INFO [o.n.k.i.DiagnosticsManager] Neostore records:
2017-10-19 00:53:55.400+0000 INFO [o.n.k.i.DiagnosticsManager] TIME (Creation time): 1508374429348
2017-10-19 00:53:55.400+0000 INFO [o.n.k.i.DiagnosticsManager] RANDOM_NUMBER (Random number for store id): 7033239358223289376
2017-10-19 00:53:55.400+0000 INFO [o.n.k.i.DiagnosticsManager] LOG_VERSION (Current log version): 0
2017-10-19 00:53:55.400+0000 INFO [o.n.k.i.DiagnosticsManager] LAST_TRANSACTION_ID (Last committed transaction): 1
2017-10-19 00:53:55.400+0000 INFO [o.n.k.i.DiagnosticsManager] STORE_VERSION (Store format version): 15813456178476550
2017-10-19 00:53:55.400+0000 INFO [o.n.k.i.DiagnosticsManager] FIRST_GRAPH_PROPERTY (First property record containing graph properties): -1
2017-10-19 00:53:55.400+0000 INFO [o.n.k.i.DiagnosticsManager] LAST_CONSTRAINT_TRANSACTION (Last committed transaction containing constraint changes): 0
2017-10-19 00:53:55.401+0000 INFO [o.n.k.i.DiagnosticsManager] UPGRADE_TRANSACTION_ID (Transaction id most recent upgrade was performed at): 1
2017-10-19 00:53:55.401+0000 INFO [o.n.k.i.DiagnosticsManager] UPGRADE_TIME (Time of last upgrade): 1508374429348
2017-10-19 00:53:55.401+0000 INFO [o.n.k.i.DiagnosticsManager] LAST_TRANSACTION_CHECKSUM (Checksum of last committed transaction): 0
2017-10-19 00:53:55.401+0000 INFO [o.n.k.i.DiagnosticsManager] UPGRADE_TRANSACTION_CHECKSUM (Checksum of transaction id the most recent upgrade was performed at): 0
2017-10-19 00:53:55.401+0000 INFO [o.n.k.i.DiagnosticsManager] LAST_CLOSED_TRANSACTION_LOG_VERSION (Log version where the last transaction commit entry has been written into): 0
2017-10-19 00:53:55.401+0000 INFO [o.n.k.i.DiagnosticsManager] LAST_CLOSED_TRANSACTION_LOG_BYTE_OFFSET (Byte offset in the log file where the last transaction commit entry has been written into): 16
2017-10-19 00:53:55.401+0000 INFO [o.n.k.i.DiagnosticsManager] LAST_TRANSACTION_COMMIT_TIMESTAMP (Commit time timestamp for last committed transaction): 0
2017-10-19 00:53:55.401+0000 INFO [o.n.k.i.DiagnosticsManager] UPGRADE_TRANSACTION_COMMIT_TIMESTAMP (Commit timestamp of transaction the most recent upgrade was performed at): 0
2017-10-19 00:53:55.404+0000 INFO [o.n.k.i.DiagnosticsManager] --- STARTED diagnostics for NEO_STORE_RECORDS END ---
2017-10-19 00:53:55.406+0000 INFO [o.n.k.i.DiagnosticsManager] --- STARTED diagnostics for TRANSACTION_RANGE START ---
2017-10-19 00:53:55.406+0000 INFO [o.n.k.i.DiagnosticsManager] Transaction log:
2017-10-19 00:53:55.410+0000 INFO [o.n.k.i.DiagnosticsManager] No transactions found in any log
2017-10-19 00:53:55.410+0000 INFO [o.n.k.i.DiagnosticsManager] --- STARTED diagnostics for TRANSACTION_RANGE END ---
2017-10-19 00:53:55.411+0000 INFO [o.n.k.i.DiagnosticsManager] --- STARTED diagnostics for KernelDiagnostics:StoreFiles START ---
2017-10-19 00:53:55.411+0000 INFO [o.n.k.i.DiagnosticsManager] Disk space on partition (Total / Free / Free %): 249678528512 / 124574265344 / 49
Storage files: (filename : modification date - size)
2017-10-19 00:53:55.412+0000 INFO [o.n.k.i.DiagnosticsManager]   certificates:
2017-10-19 00:53:55.413+0000 INFO [o.n.k.i.DiagnosticsManager]     neo4j.cert: 2017-10-18T17:53:43-0700 - 985.00 B
2017-10-19 00:53:55.413+0000 INFO [o.n.k.i.DiagnosticsManager]     neo4j.key: 2017-10-18T17:53:43-0700 - 1.66 kB
2017-10-19 00:53:55.413+0000 INFO [o.n.k.i.DiagnosticsManager]   - Total: 2017-10-18T17:53:43-0700 - 2.63 kB
2017-10-19 00:53:55.413+0000 INFO [o.n.k.i.DiagnosticsManager]   data:
2017-10-19 00:53:55.413+0000 INFO [o.n.k.i.DiagnosticsManager]     dbms:
2017-10-19 00:53:55.413+0000 INFO [o.n.k.i.DiagnosticsManager]       auth: 2017-10-18T17:53:55-0700 - 137.00 B
2017-10-19 00:53:55.414+0000 INFO [o.n.k.i.DiagnosticsManager]     - Total: 2017-10-18T17:53:55-0700 - 137.00 B
2017-10-19 00:53:55.414+0000 INFO [o.n.k.i.DiagnosticsManager]   - Total: 2017-10-18T17:53:55-0700 - 137.00 B
2017-10-19 00:53:55.414+0000 INFO [o.n.k.i.DiagnosticsManager]   index:
2017-10-19 00:53:55.414+0000 INFO [o.n.k.i.DiagnosticsManager]   - Total: 2017-10-18T17:53:49-0700 - 0.00 B
2017-10-19 00:53:55.414+0000 INFO [o.n.k.i.DiagnosticsManager]   logs:
2017-10-19 00:53:55.414+0000 INFO [o.n.k.i.DiagnosticsManager]     debug.log: 2017-10-18T17:53:55-0700 - 26.98 kB
2017-10-19 00:53:55.414+0000 INFO [o.n.k.i.DiagnosticsManager]   - Total: 2017-10-18T17:53:36-0700 - 26.98 kB
2017-10-19 00:53:55.414+0000 INFO [o.n.k.i.DiagnosticsManager]   neostore: 2017-10-18T17:53:49-0700 - 8.00 kB
2017-10-19 00:53:55.415+0000 INFO [o.n.k.i.DiagnosticsManager]   neostore.counts.db.a: 2017-10-18T17:53:49-0700 - 96.00 B
2017-10-19 00:53:55.415+0000 INFO [o.n.k.i.DiagnosticsManager]   neostore.id: 2017-10-18T17:53:49-0700 - 9.00 B
2017-10-19 00:53:55.415+0000 INFO [o.n.k.i.DiagnosticsManager]   neostore.labelscanstore.db: 2017-10-18T17:53:49-0700 - 40.00 kB
2017-10-19 00:53:55.415+0000 INFO [o.n.k.i.DiagnosticsManager]   neostore.labeltokenstore.db: 2017-10-18T17:53:49-0700 - 0.00 B
2017-10-19 00:53:55.415+0000 INFO [o.n.k.i.DiagnosticsManager]   neostore.labeltokenstore.db.id: 2017-10-18T17:53:49-0700 - 9.00 B
2017-10-19 00:53:55.415+0000 INFO [o.n.k.i.DiagnosticsManager]   neostore.labeltokenstore.db.names: 2017-10-18T17:53:49-0700 - 8.00 kB
2017-10-19 00:53:55.416+0000 INFO [o.n.k.i.DiagnosticsManager]   neostore.labeltokenstore.db.names.id: 2017-10-18T17:53:49-0700 - 9.00 B
2017-10-19 00:53:55.416+0000 INFO [o.n.k.i.DiagnosticsManager]   neostore.nodestore.db: 2017-10-18T17:53:49-0700 - 0.00 B
2017-10-19 00:53:55.416+0000 INFO [o.n.k.i.DiagnosticsManager]   neostore.nodestore.db.id: 2017-10-18T17:53:49-0700 - 9.00 B
2017-10-19 00:53:55.416+0000 INFO [o.n.k.i.DiagnosticsManager]   neostore.nodestore.db.labels: 2017-10-18T17:53:49-0700 - 8.00 kB
2017-10-19 00:53:55.416+0000 INFO [o.n.k.i.DiagnosticsManager]   neostore.nodestore.db.labels.id: 2017-10-18T17:53:49-0700 - 9.00 B
2017-10-19 00:53:55.416+0000 INFO [o.n.k.i.DiagnosticsManager]   neostore.propertystore.db: 2017-10-18T17:53:49-0700 - 0.00 B
2017-10-19 00:53:55.417+0000 INFO [o.n.k.i.DiagnosticsManager]   neostore.propertystore.db.arrays: 2017-10-18T17:53:49-0700 - 8.00 kB
2017-10-19 00:53:55.418+0000 INFO [o.n.k.i.DiagnosticsManager]   neostore.propertystore.db.arrays.id: 2017-10-18T17:53:49-0700 - 9.00 B
2017-10-19 00:53:55.420+0000 INFO [o.n.k.i.DiagnosticsManager]   neostore.propertystore.db.id: 2017-10-18T17:53:49-0700 - 9.00 B
2017-10-19 00:53:55.420+0000 INFO [o.n.k.i.DiagnosticsManager]   neostore.propertystore.db.index: 2017-10-18T17:53:49-0700 - 0.00 B
2017-10-19 00:53:55.420+0000 INFO [o.n.k.i.DiagnosticsManager]   neostore.propertystore.db.index.id: 2017-10-18T17:53:49-0700 - 9.00 B
2017-10-19 00:53:55.424+0000 INFO [o.n.k.i.DiagnosticsManager]   neostore.propertystore.db.index.keys: 2017-10-18T17:53:49-0700 - 8.00 kB
2017-10-19 00:53:55.425+0000 INFO [o.n.k.i.DiagnosticsManager]   neostore.propertystore.db.index.keys.id: 2017-10-18T17:53:49-0700 - 9.00 B
2017-10-19 00:53:55.426+0000 INFO [o.n.k.i.DiagnosticsManager]   neostore.propertystore.db.strings: 2017-10-18T17:53:49-0700 - 8.00 kB
2017-10-19 00:53:55.426+0000 INFO [o.n.k.i.DiagnosticsManager]   neostore.propertystore.db.strings.id: 2017-10-18T17:53:49-0700 - 9.00 B
2017-10-19 00:53:55.426+0000 INFO [o.n.k.i.DiagnosticsManager]   neostore.relationshipgroupstore.db: 2017-10-18T17:53:49-0700 - 8.00 kB
2017-10-19 00:53:55.427+0000 INFO [o.n.k.i.DiagnosticsManager]   neostore.relationshipgroupstore.db.id: 2017-10-18T17:53:49-0700 - 9.00 B
2017-10-19 00:53:55.427+0000 INFO [o.n.k.i.DiagnosticsManager]   neostore.relationshipstore.db: 2017-10-18T17:53:49-0700 - 0.00 B
2017-10-19 00:53:55.427+0000 INFO [o.n.k.i.DiagnosticsManager]   neostore.relationshipstore.db.id: 2017-10-18T17:53:49-0700 - 9.00 B
2017-10-19 00:53:55.427+0000 INFO [o.n.k.i.DiagnosticsManager]   neostore.relationshiptypestore.db: 2017-10-18T17:53:49-0700 - 0.00 B
2017-10-19 00:53:55.427+0000 INFO [o.n.k.i.DiagnosticsManager]   neostore.relationshiptypestore.db.id: 2017-10-18T17:53:49-0700 - 9.00 B
2017-10-19 00:53:55.428+0000 INFO [o.n.k.i.DiagnosticsManager]   neostore.relationshiptypestore.db.names: 2017-10-18T17:53:49-0700 - 8.00 kB
2017-10-19 00:53:55.428+0000 INFO [o.n.k.i.DiagnosticsManager]   neostore.relationshiptypestore.db.names.id: 2017-10-18T17:53:49-0700 - 9.00 B
2017-10-19 00:53:55.428+0000 INFO [o.n.k.i.DiagnosticsManager]   neostore.schemastore.db: 2017-10-18T17:53:49-0700 - 8.00 kB
2017-10-19 00:53:55.428+0000 INFO [o.n.k.i.DiagnosticsManager]   neostore.schemastore.db.id: 2017-10-18T17:53:49-0700 - 9.00 B
2017-10-19 00:53:55.429+0000 INFO [o.n.k.i.DiagnosticsManager]   neostore.transaction.db.0: 2017-10-18T17:53:49-0700 - 16.00 B
2017-10-19 00:53:55.429+0000 INFO [o.n.k.i.DiagnosticsManager]   store_lock: 2017-10-18T17:53:49-0700 - 0.00 B
2017-10-19 00:53:55.429+0000 INFO [o.n.k.i.DiagnosticsManager] --- STARTED diagnostics for KernelDiagnostics:StoreFiles END ---
2017-10-19 00:53:57.298+0000 INFO [o.n.k.i.DiagnosticsManager] --- SERVER STARTED START ---
2017-10-19 00:53:59.164+0000 INFO [o.n.k.i.DiagnosticsManager] --- SERVER STARTED END ---
2017-10-19 00:54:59.718+0000 WARN [o.n.k.i.c.MonitorGc] GC Monitor: Application threads blocked for 10000ms.
2017-10-19 00:55:01.120+0000 WARN [o.n.k.i.c.MonitorGc] GC Monitor: Application threads blocked for 1051ms.
2017-10-19 00:55:01.933+0000 WARN [o.n.k.i.c.MonitorGc] GC Monitor: Application threads blocked for 459ms.
2017-10-19 00:55:03.858+0000 WARN [o.n.k.i.c.MonitorGc] GC Monitor: Application threads blocked for 1614ms.
2017-10-19 00:55:04.401+0000 WARN [o.n.k.i.c.MonitorGc] GC Monitor: Application threads blocked for 443ms.
2017-10-19 00:55:06.544+0000 WARN [o.n.k.i.c.MonitorGc] GC Monitor: Application threads blocked for 2036ms.
2017-10-19 00:55:16.326+0000 WARN [o.n.k.i.c.MonitorGc] GC Monitor: Application threads blocked for 9681ms.
2017-10-19 00:55:19.483+0000 WARN [o.n.k.i.c.MonitorGc] GC Monitor: Application threads blocked for 2823ms.
2017-10-19 00:55:21.452+0000 WARN [o.n.k.i.c.MonitorGc] GC Monitor: Application threads blocked for 1584ms.
2017-10-19 00:55:22.432+0000 WARN [o.n.k.i.c.MonitorGc] GC Monitor: Application threads blocked for 878ms.
2017-10-19 00:55:26.573+0000 WARN [o.n.k.i.c.MonitorGc] GC Monitor: Application threads blocked for 3772ms.
2017-10-19 00:55:27.103+0000 WARN [o.n.k.i.c.MonitorGc] GC Monitor: Application threads blocked for 329ms.
2017-10-19 00:55:27.489+0000 WARN [o.n.k.i.c.MonitorGc] GC Monitor: Application threads blocked for 283ms.
2017-10-19 00:55:29.202+0000 WARN [o.n.k.i.c.MonitorGc] GC Monitor: Application threads blocked for 1354ms.
2017-10-19 00:55:33.984+0000 WARN [o.n.k.i.c.MonitorGc] GC Monitor: Application threads blocked for 4681ms.
2017-10-19 00:55:35.635+0000 WARN [o.n.k.i.c.MonitorGc] GC Monitor: Application threads blocked for 1423ms.
2017-10-19 00:55:36.612+0000 WARN [o.n.k.i.c.MonitorGc] GC Monitor: Application threads blocked for 774ms.
2017-10-19 00:55:37.071+0000 WARN [o.n.k.i.c.MonitorGc] GC Monitor: Application threads blocked for 259ms.
2017-10-19 00:55:37.772+0000 WARN [o.n.k.i.c.MonitorGc] GC Monitor: Application threads blocked for 499ms.
2017-10-19 00:55:42.477+0000 WARN [o.n.k.i.c.MonitorGc] GC Monitor: Application threads blocked for 4604ms.
2017-10-19 00:55:44.557+0000 WARN [o.n.k.i.c.MonitorGc] GC Monitor: Application threads blocked for 1828ms.
2017-10-19 00:55:47.896+0000 WARN [o.n.k.i.c.MonitorGc] GC Monitor: Application threads blocked for 3238ms.
2017-10-19 00:55:54.482+0000 WARN [o.n.k.i.c.MonitorGc] GC Monitor: Application threads blocked for 6384ms.
2017-10-19 00:56:04.305+0000 WARN [o.n.k.i.c.MonitorGc] GC Monitor: Application threads blocked for 9722ms.
2017-10-19 00:56:09.141+0000 WARN [o.n.k.i.c.MonitorGc] GC Monitor: Application threads blocked for 4731ms.
2017-10-19 00:56:18.046+0000 WARN [o.n.k.i.c.MonitorGc] GC Monitor: Application threads blocked for 8704ms.
2017-10-19 00:56:20.637+0000 WARN [o.n.k.i.c.MonitorGc] GC Monitor: Application threads blocked for 2389ms.
2017-10-19 00:56:21.418+0000 WARN [o.n.k.i.c.MonitorGc] GC Monitor: Application threads blocked for 680ms.
2017-10-19 00:56:25.554+0000 WARN [o.n.k.i.c.MonitorGc] GC Monitor: Application threads blocked for 4035ms.
2017-10-19 00:56:26.958+0000 WARN [o.n.k.i.c.MonitorGc] GC Monitor: Application threads blocked for 1301ms.
2017-10-19 00:56:28.321+0000 WARN [o.n.k.i.c.MonitorGc] GC Monitor: Application threads blocked for 1262ms.
2017-10-19 00:56:30.240+0000 WARN [o.n.k.i.c.MonitorGc] GC Monitor: Application threads blocked for 1819ms.
2017-10-19 00:56:31.178+0000 WARN [o.n.k.i.c.MonitorGc] GC Monitor: Application threads blocked for 837ms.
2017-10-19 00:56:33.709+0000 WARN [o.n.k.i.c.MonitorGc] GC Monitor: Application threads blocked for 2430ms.
2017-10-19 00:56:35.899+0000 WARN [o.n.k.i.c.MonitorGc] GC Monitor: Application threads blocked for 2088ms.
2017-10-19 00:56:42.899+0000 WARN [o.n.k.i.c.MonitorGc] GC Monitor: Application threads blocked for 6737ms.
2017-10-19 00:56:44.686+0000 WARN [o.n.k.i.c.MonitorGc] GC Monitor: Application threads blocked for 1686ms.
2017-10-19 00:56:47.139+0000 WARN [o.n.k.i.c.MonitorGc] GC Monitor: Application threads blocked for 2353ms.
2017-10-19 00:56:47.662+0000 WARN [o.n.k.i.c.MonitorGc] GC Monitor: Application threads blocked for 422ms.
2017-10-19 00:56:49.639+0000 WARN [o.n.k.i.c.MonitorGc] GC Monitor: Application threads blocked for 1876ms.
2017-10-19 00:56:51.865+0000 WARN [o.n.k.i.c.MonitorGc] GC Monitor: Application threads blocked for 2125ms.
2017-10-19 00:57:03.439+0000 WARN [o.n.k.i.c.MonitorGc] GC Monitor: Application threads blocked for 9878ms.
2017-10-19 00:57:13.543+0000 WARN [o.n.k.i.c.MonitorGc] GC Monitor: Application threads blocked for 10000ms.
2017-10-19 00:57:13.910+0000 WARN [o.n.k.i.c.MonitorGc] GC Monitor: Application threads blocked for 266ms.
2017-10-19 00:57:21.067+0000 WARN [o.n.k.i.c.MonitorGc] GC Monitor: Application threads blocked for 7053ms.
2017-10-19 00:57:21.629+0000 WARN [o.n.k.i.c.MonitorGc] GC Monitor: Application threads blocked for 461ms.
2017-10-19 00:57:22.321+0000 WARN [o.n.k.i.c.MonitorGc] GC Monitor: Application threads blocked for 314ms.
2017-10-19 00:57:23.009+0000 WARN [o.n.k.i.c.MonitorGc] GC Monitor: Application threads blocked for 377ms.
2017-10-19 00:57:23.422+0000 WARN [o.n.k.i.c.MonitorGc] GC Monitor: Application threads blocked for 211ms.
2017-10-19 00:57:24.413+0000 WARN [o.n.k.i.c.MonitorGc] GC Monitor: Application threads blocked for 891ms.
2017-10-19 00:57:25.182+0000 WARN [o.n.k.i.c.MonitorGc] GC Monitor: Application threads blocked for 568ms.
2017-10-19 00:57:27.559+0000 WARN [o.n.k.i.c.MonitorGc] GC Monitor: Application threads blocked for 1667ms.
2017-10-19 00:57:28.733+0000 WARN [o.n.k.i.c.MonitorGc] GC Monitor: Application threads blocked for 1073ms.
2017-10-19 00:57:29.593+0000 WARN [o.n.k.i.c.MonitorGc] GC Monitor: Application threads blocked for 760ms.
2017-10-19 00:57:31.902+0000 WARN [o.n.k.i.c.MonitorGc] GC Monitor: Application threads blocked for 2016ms.
2017-10-19 00:57:36.018+0000 WARN [o.n.k.i.c.MonitorGc] GC Monitor: Application threads blocked for 4014ms.
2017-10-19 00:57:37.102+0000 WARN [o.n.k.i.c.MonitorGc] GC Monitor: Application threads blocked for 984ms.
2017-10-19 00:57:39.310+0000 WARN [o.n.k.i.c.MonitorGc] GC Monitor: Application threads blocked for 2107ms.
2017-10-19 00:57:40.007+0000 WARN [o.n.k.i.c.MonitorGc] GC Monitor: Application threads blocked for 268ms.
2017-10-19 00:57:40.594+0000 WARN [o.n.k.i.c.MonitorGc] GC Monitor: Application threads blocked for 485ms.
2017-10-19 00:57:41.268+0000 WARN [o.n.k.i.c.MonitorGc] GC Monitor: Application threads blocked for 573ms.
2017-10-19 00:57:41.901+0000 WARN [o.n.k.i.c.MonitorGc] GC Monitor: Application threads blocked for 526ms.
2017-10-19 00:57:47.052+0000 WARN [o.n.k.i.c.MonitorGc] GC Monitor: Application threads blocked for 5050ms.
2017-10-19 00:57:48.246+0000 WARN [o.n.k.i.c.MonitorGc] GC Monitor: Application threads blocked for 1093ms.
2017-10-19 00:57:48.682+0000 WARN [o.n.k.i.c.MonitorGc] GC Monitor: Application threads blocked for 335ms.
2017-10-19 00:57:51.587+0000 WARN [o.n.k.i.c.MonitorGc] GC Monitor: Application threads blocked for 2804ms.
2017-10-19 00:57:52.795+0000 WARN [o.n.k.i.c.MonitorGc] GC Monitor: Application threads blocked for 1105ms.
2017-10-19 00:57:53.828+0000 WARN [o.n.k.i.c.MonitorGc] GC Monitor: Application threads blocked for 932ms.
2017-10-19 00:58:02.503+0000 WARN [o.n.k.i.c.MonitorGc] GC Monitor: Application threads blocked for 8574ms.
2017-10-19 00:58:12.620+0000 WARN [o.n.k.i.c.MonitorGc] GC Monitor: Application threads blocked for 10000ms.
2017-10-19 00:58:22.722+0000 WARN [o.n.k.i.c.MonitorGc] GC Monitor: Application threads blocked for 10000ms.
2017-10-19 00:58:30.670+0000 WARN [o.n.k.i.c.MonitorGc] GC Monitor: Application threads blocked for 7848ms.
2017-10-19 00:58:40.708+0000 WARN [o.n.k.i.c.MonitorGc] GC Monitor: Application threads blocked for 9937ms.
2017-10-19 00:58:50.809+0000 WARN [o.n.k.i.c.MonitorGc] GC Monitor: Application threads blocked for 10000ms.
2017-10-19 00:59:01.072+0000 WARN [o.n.k.i.c.MonitorGc] GC Monitor: Application threads blocked for 9930ms.
2017-10-19 00:59:11.173+0000 WARN [o.n.k.i.c.MonitorGc] GC Monitor: Application threads blocked for 10000ms.
2017-10-19 00:59:13.264+0000 WARN [o.n.k.i.c.MonitorGc] GC Monitor: Application threads blocked for 1764ms.
2017-10-19 00:59:14.283+0000 WARN [o.n.k.i.c.MonitorGc] GC Monitor: Application threads blocked for 917ms.
2017-10-19 00:59:15.768+0000 WARN [o.n.k.i.c.MonitorGc] GC Monitor: Application threads blocked for 1384ms.
2017-10-19 00:59:17.085+0000 WARN [o.n.k.i.c.MonitorGc] GC Monitor: Application threads blocked for 1114ms.
2017-10-19 00:59:17.842+0000 WARN [o.n.k.i.c.MonitorGc] GC Monitor: Application threads blocked for 657ms.
2017-10-19 00:59:19.936+0000 WARN [o.n.k.i.c.MonitorGc] GC Monitor: Application threads blocked for 1993ms.
2017-10-19 00:59:27.505+0000 WARN [o.n.k.i.c.MonitorGc] GC Monitor: Application threads blocked for 7169ms.
2017-10-19 00:59:28.707+0000 WARN [o.n.k.i.c.MonitorGc] GC Monitor: Application threads blocked for 1102ms.
2017-10-19 00:59:29.720+0000 WARN [o.n.k.i.c.MonitorGc] GC Monitor: Application threads blocked for 912ms.
2017-10-19 00:59:32.949+0000 INFO [o.n.k.i.f.GraphDatabaseFacadeFactory] Shutdown started
2017-10-19 00:59:32.949+0000 INFO [o.n.k.i.f.GraphDatabaseFacadeFactory] Database is now unavailable
2017-10-19 00:59:32.954+0000 INFO [o.n.k.i.t.l.c.CheckPointerImpl] Check Pointing triggered by database shutdown [1]:  Starting check pointing...
2017-10-19 00:59:32.955+0000 INFO [o.n.k.i.t.l.c.CheckPointerImpl] Check Pointing triggered by database shutdown [1]:  Starting store flush...
2017-10-19 00:59:32.959+0000 INFO [o.n.k.i.t.l.c.CheckPointerImpl] Check Pointing triggered by database shutdown [1]:  Store flush completed
2017-10-19 00:59:32.959+0000 INFO [o.n.k.i.t.l.c.CheckPointerImpl] Check Pointing triggered by database shutdown [1]:  Starting appending check point entry into the tx log...
2017-10-19 00:59:32.961+0000 INFO [o.n.k.i.t.l.c.CheckPointerImpl] Check Pointing triggered by database shutdown [1]:  Appending check point entry into the tx log completed
2017-10-19 00:59:32.961+0000 INFO [o.n.k.i.t.l.c.CheckPointerImpl] Check Pointing triggered by database shutdown [1]:  Check pointing completed
2017-10-19 00:59:32.961+0000 INFO [o.n.k.i.t.l.p.LogPruningImpl] Log Rotation [0]:  Starting log pruning.
2017-10-19 00:59:32.961+0000 INFO [o.n.k.i.t.l.p.LogPruningImpl] Log Rotation [0]:  Log pruning complete.
2017-10-19 00:59:32.976+0000 INFO [o.n.k.i.DiagnosticsManager] --- STOPPING diagnostics START ---
2017-10-19 00:59:32.976+0000 INFO [o.n.k.i.DiagnosticsManager] --- STOPPING diagnostics END ---
